2015-07-13 17:43:59 	 CRITICAL 		 STARTING####################

2015-07-13 17:44:00 	 ERROR 		 checkStatus Exception: 'Sim900' object has no attribute 'obj'

2015-07-13 18:58:38 	 ____________BOOT____________

2015-07-13 18:58:38 	 s-------------Live:

2015-07-13 18:58:39 	 Error in gsmInit,PACKET PUSHED TO BACKUP db

2015-07-13 18:58:39 	 e-------------Live:

2015-07-13 18:58:39 	 s-------------Backfill:

2015-07-13 18:58:40 	 checkStatus Exception: 'Sim900' object has no attribute 'obj'

2015-07-13 18:58:40 	 			Reply: FAIL

2015-07-13 18:58:40 	 BACKFILL :FAILED=> Packet: 2015-07-13 17:43:59

2015-07-13 18:58:45 	 e-------------Backfill:

2015-07-13 18:58:45 	 s-------------Backfill:

2015-07-13 18:58:46 	 checkStatus Exception: 'Sim900' object has no attribute 'obj'

2015-07-13 18:58:46 	 			Reply: FAIL

2015-07-13 18:58:46 	 BACKFILL :FAILED=> Packet: 2015-07-13 17:43:59

2015-07-13 19:05:09 	 ____________BOOT____________

2015-07-13 19:05:09 	 s-------------Live:

2015-07-13 19:05:12 	 			Reply: at+cipclose=1  ERROR

2015-07-13 19:05:12 	 ERROR=> at+cipclose=1

2015-07-13 19:05:52 	 LIVE :SUCCESS=> Packet: 2015-07-13 19:05:09

2015-07-13 19:05:52 	 e-------------Live:

2015-07-13 19:05:52 	 s-------------Backfill:

2015-07-13 19:06:01 	 BACKFILL :SUCCESS=> Packet: 2015-07-13 18:59:29

2015-07-13 19:06:02 	 e-------------Backfill:

2015-07-13 19:06:02 	 s-------------Backfill:

2015-07-13 19:06:11 	 BACKFILL :SUCCESS=> Packet: 2015-07-13 18:59:52

2015-07-13 19:06:11 	 e-------------Backfill:

2015-07-13 19:06:11 	 s-------------Backfill:

2015-07-13 19:06:20 	 BACKFILL :SUCCESS=> Packet: 2015-07-13 19:00:16

2015-07-13 19:06:21 	 e-------------Backfill:

2015-07-13 19:06:21 	 s-------------Live:

2015-07-13 19:06:24 	 			Reply: ERROR  CLOSED

2015-07-13 19:06:24 	 ERROR=> at+cipclose=1

2015-07-13 19:07:04 	 			Reply: ERROR

2015-07-13 19:07:04 	 ERROR=> at+cipsend

