2015-07-13 17:43:59 	 CRITICAL 		 STARTING####################

2015-07-13 17:43:59 	 ERROR 		 GSM: CANNOT OPEN PORT

2015-07-13 17:43:59 	 ERROR 		 PLC: CANNOT OPEN PORT

2015-07-13 17:43:59 	 ERROR 		 GSM: CANNOT OPEN PORT

2015-07-13 17:43:59 	 CRITICAL 		 s-------------Live:

2015-07-13 17:44:00 	 ERROR 		 GsmInit ERROR

2015-07-13 17:44:00 	 ERROR 		 LIVE : DATA SENDING FAILED

2015-07-13 17:44:00 	 CRITICAL 		 e-------------Live:

2015-07-13 18:58:38 	 ____________BOOT____________

2015-07-13 18:58:38 	 GSM: CANNOT OPEN PORT

2015-07-13 18:58:38 	 PLC: CANNOT OPEN PORT

2015-07-13 18:58:38 	 GSM: CANNOT OPEN PORT

2015-07-13 18:58:38 	 s-------------Live:

2015-07-13 18:58:39 	 GsmInit ERROR

2015-07-13 18:58:39 	 LIVE : DATA SENDING FAILED

2015-07-13 18:58:39 	 ERROR CODE: 0x0 0x1e 0x0 0x0

2015-07-13 19:05:09 	 ____________BOOT____________

2015-07-13 19:05:09 	 PLC: CANNOT OPEN PORT

2015-07-13 19:05:09 	 s-------------Live:

2015-07-13 19:05:49 	 GsmInit SUCCESS

2015-07-13 19:05:52 	 SUCCESS=> Packet: 2015-07-13 19:05:09

2015-07-13 19:05:52 	 ERROR CODE: 0x8 0x8 0x0 0x0

2015-07-13 19:06:21 	 s-------------Live:

2015-07-13 19:07:02 	 GsmInit SUCCESS

