2015-08-20 16:51:37 	 ____________BOOT____________

2015-08-20 16:51:37 	 GSM: CANNOT OPEN PORT

2015-08-20 16:51:41 	 PLC: CANNOT OPEN PORT

2015-08-20 16:51:41 	 GSM: CANNOT OPEN PORT

2015-08-20 16:55:01 	 ____________BOOT____________

2015-08-20 16:55:01 	 PLC: CANNOT OPEN PORT

2015-08-20 16:55:30 	 FAILED=> Packet: 2015-08-20 16:55:01

2015-08-20 17:03:13 	 ____________BOOT____________

2015-08-20 17:03:13 	 PLC: CANNOT OPEN PORT

2015-08-20 17:03:45 	 ____________BOOT____________

2015-08-20 17:03:45 	 PLC: CANNOT OPEN PORT

2015-08-20 17:14:03 	 ____________BOOT____________

2015-08-20 17:14:03 	 PLC: CANNOT OPEN PORT

2015-08-20 17:17:32 	 ____________BOOT____________

2015-08-20 17:17:32 	 PLC: CANNOT OPEN PORT

2015-08-26 16:23:23 	 ____________BOOT____________

2015-08-26 16:23:23 	 PLC: Communication Error

2015-08-26 16:24:23 	 SUCCESS=> Packet: 2015-08-26 16:23:23

2015-08-26 16:24:46 	 PLC: Communication Error

2015-08-26 16:25:13 	 SUCCESS=> Packet: 2015-08-26 16:24:46

2015-08-26 16:25:35 	 PLC: Communication Error

2015-08-26 16:26:02 	 SUCCESS=> Packet: 2015-08-26 16:25:35

2015-08-26 16:26:24 	 PLC: Communication Error

2015-08-26 16:27:11 	 ____________BOOT____________

2015-08-26 16:27:11 	 PLC: Communication Error

2015-08-26 16:29:55 	 ____________BOOT____________

2015-08-26 16:29:55 	 PLC: Communication Error

2015-08-26 16:31:51 	 ____________BOOT____________

2015-08-26 16:31:52 	 PLC: Communication Error

2015-08-26 16:32:11 	 ____________BOOT____________

2015-08-26 16:32:11 	 PLC: Communication Error

2015-08-26 16:32:34 	 ____________BOOT____________

2015-08-26 16:32:34 	 PLC: Communication Error

2015-08-26 16:32:56 	 ____________BOOT____________

2015-08-26 16:32:56 	 PLC: Communication Error

2015-08-26 16:34:07 	 ____________BOOT____________

2015-08-26 16:34:07 	 PLC: Communication Error

2015-08-26 16:34:48 	 ____________BOOT____________

2015-08-26 16:34:48 	 PLC: Communication Error

2015-08-26 16:35:22 	 ____________BOOT____________

2015-08-26 16:35:22 	 PLC: Communication Error

2015-08-26 16:35:58 	 ____________BOOT____________

2015-08-26 16:35:59 	 PLC: Communication Error

2015-08-26 16:36:58 	 SUCCESS=> Packet: 2015-08-26 16:35:59

2015-08-26 16:37:44 	 ____________BOOT____________

2015-08-26 16:37:45 	 PLC: Communication Error

2015-08-26 16:39:34 	 ____________BOOT____________

2015-08-26 16:39:35 	 PLC: Communication Error

2015-08-26 16:39:53 	 ____________BOOT____________

2015-08-26 16:39:54 	 PLC: Communication Error

2015-08-26 16:40:52 	 ____________BOOT____________

2015-08-26 16:40:53 	 PLC: Communication Error

2015-08-26 16:41:21 	 SUCCESS=> Packet: 2015-08-26 16:40:53

2015-08-26 16:41:43 	 PLC: Communication Error

2015-08-26 16:42:10 	 SUCCESS=> Packet: 2015-08-26 16:41:43

2015-08-26 16:42:32 	 PLC: Communication Error

2015-08-26 16:42:59 	 SUCCESS=> Packet: 2015-08-26 16:42:32

2015-08-26 16:43:21 	 PLC: Communication Error

2015-08-26 16:43:48 	 SUCCESS=> Packet: 2015-08-26 16:43:21

2015-08-26 16:44:10 	 PLC: Communication Error

2015-08-26 16:44:39 	 SUCCESS=> Packet: 2015-08-26 16:44:10

2015-08-26 16:45:30 	 SUCCESS=> Packet: 2015-08-26 16:45:01

2015-08-26 16:45:52 	 PLC: CANNOT OPEN PORT

2015-08-26 16:46:19 	 SUCCESS=> Packet: 2015-08-26 16:45:52

2015-08-26 16:46:41 	 PLC: CANNOT OPEN PORT

2015-08-26 16:47:09 	 SUCCESS=> Packet: 2015-08-26 16:46:41

2015-08-26 16:47:31 	 PLC: CANNOT OPEN PORT

2015-08-26 16:47:58 	 SUCCESS=> Packet: 2015-08-26 16:47:31

2015-08-26 16:48:20 	 PLC: CANNOT OPEN PORT

2015-08-26 16:48:49 	 SUCCESS=> Packet: 2015-08-26 16:48:20

2015-08-26 16:49:11 	 PLC: CANNOT OPEN PORT

2015-08-26 16:49:38 	 SUCCESS=> Packet: 2015-08-26 16:49:11

2015-08-26 16:50:00 	 PLC: CANNOT OPEN PORT

2015-08-26 16:55:28 	 ____________BOOT____________

2015-08-26 16:55:55 	 SUCCESS=> Packet: 2015-08-26 16:55:28

2015-08-26 16:56:46 	 SUCCESS=> Packet: 2015-08-26 16:56:17

2015-08-26 16:57:37 	 SUCCESS=> Packet: 2015-08-26 16:57:08

2015-08-26 16:57:59 	 PLC: Communication Error

2015-08-26 16:58:28 	 SUCCESS=> Packet: 2015-08-26 16:57:59

2015-08-26 16:58:50 	 PLC: CANNOT OPEN PORT

2015-08-26 16:59:16 	 SUCCESS=> Packet: 2015-08-26 16:58:50

2015-08-26 16:59:39 	 PLC: CANNOT OPEN PORT

2015-08-26 17:01:47 	 ____________BOOT____________

2015-08-26 17:01:47 	 PLC: Communication Error

2015-08-26 17:02:14 	 SUCCESS=> Packet: 2015-08-26 17:01:47

2015-08-26 17:02:37 	 PLC: CANNOT OPEN PORT

2015-08-26 17:22:16 	 ____________BOOT____________

2015-08-26 17:22:16 	 PLC: CANNOT OPEN PORT

2015-08-26 17:22:16 	 PLC: CANNOT OPEN PORT

2015-08-26 17:22:43 	 SUCCESS=> Packet: 2015-08-26 17:22:16

2015-08-26 17:23:05 	 PLC: Communication Error

2015-08-26 17:23:34 	 SUCCESS=> Packet: 2015-08-26 17:23:05

2015-08-26 17:24:25 	 SUCCESS=> Packet: 2015-08-26 17:23:56

2015-08-26 17:26:40 	 ____________BOOT____________

2015-08-26 17:26:40 	 PLC: Communication Error

2015-08-26 17:27:07 	 SUCCESS=> Packet: 2015-08-26 17:26:40

2015-08-26 17:27:29 	 PLC: Communication Error

2015-08-26 17:28:26 	 SUCCESS=> Packet: 2015-08-26 17:27:29

2015-08-26 17:28:48 	 PLC: Communication Error

2015-08-26 17:33:59 	 ____________BOOT____________

2015-08-26 17:35:24 	 ____________BOOT____________

2015-08-26 17:35:24 	 PLC: CANNOT OPEN PORT

2015-08-26 17:35:24 	 PLC: CANNOT OPEN PORT

2015-08-26 17:35:51 	 SUCCESS=> Packet: 2015-08-26 17:35:24

2015-08-26 17:36:13 	 LIVE : EXCEPTION, No communication with the instrument (no answer)

2015-08-26 17:40:21 	 ____________BOOT____________

2015-08-26 17:40:21 	 PLC: Communication Error

2015-08-26 17:40:54 	 SUCCESS=> Packet: 2015-08-26 17:40:21

2015-08-26 17:41:16 	 PLC: Communication Error

2015-08-26 17:43:07 	 SUCCESS=> Packet: 2015-08-26 17:41:16

2015-08-26 17:43:29 	 PLC: Communication Error

2015-08-26 17:43:57 	 SUCCESS=> Packet: 2015-08-26 17:43:29

2015-08-26 17:44:19 	 PLC: Communication Error

2015-08-26 17:44:46 	 SUCCESS=> Packet: 2015-08-26 17:44:19

2015-08-26 17:45:08 	 PLC: Communication Error

2015-08-26 17:45:41 	 ____________BOOT____________

2015-08-26 17:45:41 	 PLC: Communication Error

2015-08-26 17:46:10 	 SUCCESS=> Packet: 2015-08-26 17:45:41

2015-08-26 17:46:32 	 PLC: Communication Error

2015-08-26 17:51:47 	 ____________BOOT____________

2015-08-26 17:51:47 	 PLC: CANNOT OPEN PORT

2015-08-26 17:51:47 	 PLC: CANNOT OPEN PORT

2015-08-26 17:52:16 	 SUCCESS=> Packet: 2015-08-26 17:51:47

2015-08-26 17:52:46 	 PLC: Communication Error

2015-08-26 17:53:13 	 SUCCESS=> Packet: 2015-08-26 17:52:46

2015-08-26 17:53:35 	 PLC: Communication Error

2015-08-26 17:54:21 	 SUCCESS=> Packet: 2015-08-26 17:53:35

2015-08-26 17:54:43 	 PLC: Communication Error

2015-08-26 17:55:10 	 SUCCESS=> Packet: 2015-08-26 17:54:43

2015-08-26 17:55:32 	 PLC: Communication Error

2015-08-26 17:55:55 	 ____________BOOT____________

2015-08-26 17:55:56 	 PLC: Communication Error

2015-08-26 17:56:37 	 ____________BOOT____________

2015-08-26 17:56:37 	 PLC: Communication Error

2015-08-26 17:57:07 	 ____________BOOT____________

2015-08-26 17:57:07 	 PLC: Communication Error

2015-08-26 17:57:35 	 SUCCESS=> Packet: 2015-08-26 17:57:07

2015-08-26 17:58:26 	 SUCCESS=> Packet: 2015-08-26 17:57:57

2015-08-26 17:58:48 	 LIVE : EXCEPTION, Could not configure port: (5, 'Input/output error')

2015-08-26 17:59:08 	 LIVE : EXCEPTION, Could not configure port: (5, 'Input/output error')

2015-08-26 18:00:51 	 ____________BOOT____________

2015-08-26 18:00:51 	 PLC: CANNOT OPEN PORT

2015-08-26 18:00:51 	 PLC: CANNOT OPEN PORT

2015-08-26 18:01:18 	 SUCCESS=> Packet: 2015-08-26 18:00:52

2015-08-26 18:02:08 	 SUCCESS=> Packet: 2015-08-26 18:01:40

2015-08-26 18:02:30 	 PLC: Communication Error

2015-08-26 18:03:00 	 FAILED=> Packet: 2015-08-26 18:02:30

2015-08-26 18:03:51 	 SUCCESS=> Packet: 2015-08-26 18:03:22

2015-08-26 18:04:42 	 SUCCESS=> Packet: 2015-08-26 18:04:13

2015-08-26 18:05:35 	 FAILED=> Packet: 2015-08-26 18:05:04

2015-08-26 18:06:57 	 SUCCESS=> Packet: 2015-08-26 18:06:25

2015-08-26 18:08:19 	 SUCCESS=> Packet: 2015-08-26 18:07:51

2015-08-26 18:09:10 	 SUCCESS=> Packet: 2015-08-26 18:08:41

2015-08-26 18:10:14 	 SUCCESS=> Packet: 2015-08-26 18:09:32

2015-08-26 18:11:03 	 SUCCESS=> Packet: 2015-08-26 18:10:36

2015-08-26 18:23:20 	 ____________BOOT____________

2015-08-26 18:23:20 	 PLC: Communication Error

2015-08-26 18:25:03 	 ____________BOOT____________

2015-08-26 18:25:31 	 SUCCESS=> Packet: 2015-08-26 18:25:03

2015-08-26 18:25:53 	 PLC: Communication Error

2015-08-26 18:26:20 	 SUCCESS=> Packet: 2015-08-26 18:25:53

2015-08-26 18:26:42 	 PLC: Communication Error

2015-08-26 18:27:10 	 SUCCESS=> Packet: 2015-08-26 18:26:42

2015-08-26 18:27:32 	 PLC: Communication Error

2015-08-26 18:27:45 	 ____________BOOT____________

2015-08-26 18:28:12 	 SUCCESS=> Packet: 2015-08-26 18:27:45

2015-08-26 18:28:34 	 PLC: Communication Error

2015-08-26 18:29:03 	 SUCCESS=> Packet: 2015-08-26 18:28:34

2015-08-26 18:29:25 	 PLC: Communication Error

2015-08-26 18:29:39 	 ____________BOOT____________

2015-08-26 18:30:30 	 ____________BOOT____________

2015-08-27 09:34:37 	 SUCCESS=> Packet: 2015-08-26 18:30:30

2015-08-27 09:35:28 	 SUCCESS=> Packet: 2015-08-27 09:34:59

2015-08-27 09:36:19 	 SUCCESS=> Packet: 2015-08-27 09:35:50

2015-08-27 09:37:08 	 SUCCESS=> Packet: 2015-08-27 09:36:41

2015-08-27 09:37:58 	 SUCCESS=> Packet: 2015-08-27 09:37:30

2015-08-27 09:38:51 	 SUCCESS=> Packet: 2015-08-27 09:38:20

2015-08-27 09:39:42 	 SUCCESS=> Packet: 2015-08-27 09:39:13

2015-08-27 09:40:32 	 SUCCESS=> Packet: 2015-08-27 09:40:04

2015-08-27 09:41:21 	 SUCCESS=> Packet: 2015-08-27 09:40:54

2015-08-27 09:42:10 	 SUCCESS=> Packet: 2015-08-27 09:41:43

2015-08-27 09:43:01 	 SUCCESS=> Packet: 2015-08-27 09:42:32

2015-08-27 09:43:52 	 SUCCESS=> Packet: 2015-08-27 09:43:23

2015-08-27 09:44:42 	 SUCCESS=> Packet: 2015-08-27 09:44:14

2015-08-27 09:45:33 	 SUCCESS=> Packet: 2015-08-27 09:45:04

2015-08-27 09:46:23 	 SUCCESS=> Packet: 2015-08-27 09:45:55

2015-08-27 09:47:13 	 SUCCESS=> Packet: 2015-08-27 09:46:45

2015-08-27 09:48:02 	 SUCCESS=> Packet: 2015-08-27 09:47:35

2015-08-27 09:48:53 	 SUCCESS=> Packet: 2015-08-27 09:48:24

2015-08-27 09:49:42 	 SUCCESS=> Packet: 2015-08-27 09:49:15

2015-08-27 09:50:32 	 SUCCESS=> Packet: 2015-08-27 09:50:04

2015-08-27 09:51:22 	 SUCCESS=> Packet: 2015-08-27 09:50:54

2015-08-27 09:52:12 	 SUCCESS=> Packet: 2015-08-27 09:51:45

2015-08-27 09:53:01 	 SUCCESS=> Packet: 2015-08-27 09:52:34

2015-08-27 09:53:52 	 SUCCESS=> Packet: 2015-08-27 09:53:23

2015-08-27 09:54:43 	 SUCCESS=> Packet: 2015-08-27 09:54:14

2015-08-27 09:55:32 	 SUCCESS=> Packet: 2015-08-27 09:55:05

2015-08-27 09:56:22 	 SUCCESS=> Packet: 2015-08-27 09:55:55

2015-08-27 09:57:11 	 SUCCESS=> Packet: 2015-08-27 09:56:44

2015-08-27 09:58:01 	 SUCCESS=> Packet: 2015-08-27 09:57:33

2015-08-27 09:58:50 	 SUCCESS=> Packet: 2015-08-27 09:58:23

2015-08-27 09:59:39 	 SUCCESS=> Packet: 2015-08-27 09:59:12

2015-08-27 10:00:29 	 SUCCESS=> Packet: 2015-08-27 10:00:02

2015-08-27 10:01:20 	 SUCCESS=> Packet: 2015-08-27 10:00:51

2015-08-27 10:02:09 	 SUCCESS=> Packet: 2015-08-27 10:01:42

2015-08-27 10:03:00 	 SUCCESS=> Packet: 2015-08-27 10:02:31

2015-08-27 10:03:49 	 SUCCESS=> Packet: 2015-08-27 10:03:22

2015-08-27 10:04:39 	 SUCCESS=> Packet: 2015-08-27 10:04:11

2015-08-27 10:05:28 	 SUCCESS=> Packet: 2015-08-27 10:05:01

2015-08-27 10:06:17 	 SUCCESS=> Packet: 2015-08-27 10:05:50

2015-08-27 10:07:07 	 SUCCESS=> Packet: 2015-08-27 10:06:39

2015-08-27 10:07:58 	 SUCCESS=> Packet: 2015-08-27 10:07:29

2015-08-27 10:08:48 	 SUCCESS=> Packet: 2015-08-27 10:08:20

2015-08-27 10:09:37 	 SUCCESS=> Packet: 2015-08-27 10:09:10

2015-08-27 10:10:27 	 SUCCESS=> Packet: 2015-08-27 10:09:59

2015-08-27 10:16:09 	 ____________BOOT____________

2015-08-27 10:16:09 	 PLC: Communication Error

2015-08-27 10:17:05 	 ____________BOOT____________

2015-08-27 10:17:55 	 ____________BOOT____________

2015-08-27 10:17:56 	 PLC: Communication Error

2015-08-27 10:18:07 	 ____________BOOT____________

2015-08-27 10:18:07 	 PLC: Communication Error

2015-08-27 10:18:34 	 ____________BOOT____________

2015-08-27 10:18:34 	 PLC: Communication Error

2015-08-27 10:19:05 	 ____________BOOT____________

2015-08-27 10:19:05 	 PLC: Communication Error

2015-08-27 10:19:34 	 SUCCESS=> Packet: 2015-08-27 10:19:05

2015-08-27 10:20:25 	 Returned "Other" status,packet: 2015-08-27 10:19:56

2015-08-27 10:20:46 	 PLC: CANNOT OPEN PORT

2015-08-27 10:21:13 	 SUCCESS=> Packet: 2015-08-27 10:20:46

2015-08-27 10:21:35 	 PLC: CANNOT OPEN PORT

2015-08-27 10:22:06 	 SUCCESS=> Packet: 2015-08-27 10:21:35

2015-08-27 10:22:28 	 PLC: CANNOT OPEN PORT

2015-08-27 10:22:56 	 SUCCESS=> Packet: 2015-08-27 10:22:28

2015-08-27 10:23:18 	 PLC: CANNOT OPEN PORT

2015-08-27 10:23:29 	 ____________BOOT____________

2015-08-27 10:23:58 	 SUCCESS=> Packet: 2015-08-27 10:23:29

2015-08-27 10:24:20 	 PLC: CANNOT OPEN PORT

2015-08-27 10:24:47 	 SUCCESS=> Packet: 2015-08-27 10:24:20

2015-08-27 10:25:09 	 PLC: CANNOT OPEN PORT

2015-08-27 10:25:46 	 SUCCESS=> Packet: 2015-08-27 10:25:09

2015-08-27 10:26:09 	 PLC: CANNOT OPEN PORT

